[    0.000000] Initializing cgroup subsys cpuset
[    0.000000] Initializing cgroup subsys cpu
[    0.000000] Initializing cgroup subsys cpuacct
[    0.000000] Linux version 4.4.0-210-generic (buildd@lgw01-amd64-037) (gcc version 5.4.0 20160609 (Ubuntu 5.4.0-6ubuntu1~16.04.12) ) #242-Ubuntu SMP Fri Apr 16 09:57:00 UTC 2021 (Ubuntu 4.4.0-210.242-generic 4.4.262)
[    0.000000] KERNEL supported cpus:
[    0.000000]   Intel GenuineIntel
[    0.000000]   AMD AuthenticAMD
[    0.000000]   NSC Geode by NSC
[    0.000000]   Cyrix CyrixInstead
[    0.000000]   Centaur CentaurHauls
[    0.000000]   Transmeta GenuineTMx86
[    0.000000]   Transmeta TransmetaCPU
[    0.000000]   UMC UMC UMC UMC
[    0.000000] x86/fpu: Legacy x87 FPU detected.
[    0.000000] e820: BIOS-provided physical RAM map:
[    0.000000] BIOS-e820: [mem 0x0000000000000000-0x000000000009fbff] usable
[    0.000000] BIOS-e820: [mem 0x000000000009fc00-0x000000000009ffff] reserved
[    0.000000] BIOS-e820: [mem 0x00000000000f0000-0x00000000000fffff] reserved
[    0.000000] BIOS-e820: [mem 0x0000000000100000-0x000000003ffeffff] usable
[    0.000000] BIOS-e820: [mem 0x000000003fff0000-0x000000003fffffff] ACPI data
[    0.000000] BIOS-e820: [mem 0x00000000fec00000-0x00000000fec00fff] reserved
[    0.000000] BIOS-e820: [mem 0x00000000fee00000-0x00000000fee00fff] reserved
[    0.000000] BIOS-e820: [mem 0x00000000fffc0000-0x00000000ffffffff] reserved
[    0.000000] NX (Execute Disable) protection: active
[    0.000000] SMBIOS 2.5 present.
[    0.000000] Hypervisor detected: KVM
[    0.000000] e820: last_pfn = 0x3fff0 max_arch_pfn = 0x1000000
[    0.000000] MTRR: Disabled
[    0.000000] x86/PAT: MTRRs disabled, skipping PAT initialization too.
[    0.000000] CPU MTRRs all blank - virtualized system.
[    0.000000] x86/PAT: Configuration [0-7]: WB  WT  UC- UC  WB  WT  UC- UC  
[    0.000000] found SMP MP-table at [mem 0x0009fff0-0x0009ffff] mapped at [c009fff0]
[    0.000000] Scanning 1 areas for low memory corruption
[    0.000000] RAMDISK: [mem 0x363a4000-0x371c9fff]
[    0.000000] ACPI: Early table checksum verification disabled
[    0.000000] ACPI: RSDP 0x00000000000E0000 000024 (v02 VBOX  )
[    0.000000] ACPI: XSDT 0x000000003FFF0030 00003C (v01 VBOX   VBOXXSDT 00000001 ASL  00000061)
[    0.000000] ACPI: FACP 0x000000003FFF00F0 0000F4 (v04 VBOX   VBOXFACP 00000001 ASL  00000061)
[    0.000000] ACPI: DSDT 0x000000003FFF0470 002325 (v02 VBOX   VBOXBIOS 00000002 INTL 20100528)
[    0.000000] ACPI: FACS 0x000000003FFF0200 000040
[    0.000000] ACPI: FACS 0x000000003FFF0200 000040
[    0.000000] ACPI: APIC 0x000000003FFF0240 00005C (v02 VBOX   VBOXAPIC 00000001 ASL  00000061)
[    0.000000] ACPI: SSDT 0x000000003FFF02A0 0001CC (v01 VBOX   VBOXCPUT 00000002 INTL 20100528)
[    0.000000] 131MB HIGHMEM available.
[    0.000000] 891MB LOWMEM available.
[    0.000000]   mapped low ram: 0 - 37bfe000
[    0.000000]   low ram: 0 - 37bfe000
[    0.000000] kvm-clock: Using msrs 4b564d01 and 4b564d00
[    0.000000] kvm-clock: cpu 0, msr 0:37bfd001, primary cpu clock
[    0.000000] kvm-clock: using sched offset of 3934710565 cycles
[    0.000000] clocksource: kvm-clock: mask: 0xffffffffffffffff max_cycles: 0x1cd42e4dffb, max_idle_ns: 881590591483 ns
[    0.000000] Zone ranges:
[    0.000000]   DMA      [mem 0x0000000000001000-0x0000000000ffffff]
[    0.000000]   Normal   [mem 0x0000000001000000-0x0000000037bfdfff]
[    0.000000]   HighMem  [mem 0x0000000037bfe000-0x000000003ffeffff]
[    0.000000] Movable zone start for each node
[    0.000000] Early memory node ranges
[    0.000000]   node   0: [mem 0x0000000000001000-0x000000000009efff]
[    0.000000]   node   0: [mem 0x0000000000100000-0x000000003ffeffff]
[    0.000000] Initmem setup node 0 [mem 0x0000000000001000-0x000000003ffeffff]
[    0.000000] Using APIC driver default
[    0.000000] ACPI: PM-Timer IO Port: 0x4008
[    0.000000] IOAPIC[0]: apic_id 2, version 32, address 0xfec00000, GSI 0-23
[    0.000000] ACPI: INT_SRC_OVR (bus 0 bus_irq 0 global_irq 2 dfl dfl)
[    0.000000] ACPI: INT_SRC_OVR (bus 0 bus_irq 9 global_irq 9 low level)
[    0.000000] Using ACPI (MADT) for SMP configuration information
[    0.000000] smpboot: Allowing 2 CPUs, 0 hotplug CPUs
[    0.000000] PM: Registered nosave memory: [mem 0x00000000-0x00000fff]
[    0.000000] PM: Registered nosave memory: [mem 0x0009f000-0x0009ffff]
[    0.000000] PM: Registered nosave memory: [mem 0x000a0000-0x000effff]
[    0.000000] PM: Registered nosave memory: [mem 0x000f0000-0x000fffff]
[    0.000000] e820: [mem 0x40000000-0xfebfffff] available for PCI devices
[    0.000000] Booting paravirtualized kernel on KVM
[    0.000000] clocksource: refined-jiffies: mask: 0xffffffff max_cycles: 0xffffffff, max_idle_ns: 7645519600211568 ns
[    0.000000] setup_percpu: NR_CPUS:8 nr_cpumask_bits:8 nr_cpu_ids:2 nr_node_ids:1
[    0.000000] PERCPU: Embedded 18 pages/cpu @f6380000 s42956 r0 d30772 u73728
[    0.000000] Built 1 zonelists in Zone order, mobility grouping on.  Total pages: 259800
[    0.000000] Kernel command line: BOOT_IMAGE=/boot/vmlinuz-4.4.0-210-generic root=LABEL=cloudimg-rootfs ro console=tty1 console=ttyS0
[    0.000000] PID hash table entries: 4096 (order: 2, 16384 bytes)
[    0.000000] Dentry cache hash table entries: 131072 (order: 7, 524288 bytes)
[    0.000000] Inode-cache hash table entries: 65536 (order: 6, 262144 bytes)
[    0.000000] Initializing CPU#0
[    0.000000] Initializing HighMem for node 0 (00037bfe:0003fff0)
[    0.000000] Initializing Movable for node 0 (00000000:00000000)
[    0.000000] Memory: 1008264K/1048120K available (8151K kernel code, 787K rwdata, 3216K rodata, 944K init, 724K bss, 39856K reserved, 0K cma-reserved, 135112K highmem)
[    0.000000] virtual kernel memory layout:
[    0.000000]     fixmap  : 0xfff15000 - 0xfffff000   ( 936 kB)
[    0.000000]     pkmap   : 0xffc00000 - 0xffe00000   (2048 kB)
[    0.000000]     vmalloc : 0xf83fe000 - 0xffbfe000   ( 120 MB)
[    0.000000]     lowmem  : 0xc0000000 - 0xf7bfe000   ( 891 MB)
[    0.000000]       .init : 0xc1be2000 - 0xc1cce000   ( 944 kB)
[    0.000000]       .data : 0xc17f61b8 - 0xc1be0d40   (4010 kB)
[    0.000000]       .text : 0xc1000000 - 0xc17f61b8   (8152 kB)
[    0.000000] Checking if this processor honours the WP bit even in supervisor mode...Ok.
[    0.000000] SLUB: HWalign=64, Order=0-3, MinObjects=0, CPUs=2, Nodes=1
[    0.000000] Hierarchical RCU implementation.
[    0.000000] 	Build-time adjustment of leaf fanout to 32.
[    0.000000] 	RCU restricting CPUs from NR_CPUS=8 to nr_cpu_ids=2.
[    0.000000] RCU: Adjusting geometry for rcu_fanout_leaf=32, nr_cpu_ids=2
[    0.000000] NR_IRQS:2304 nr_irqs:440 16
[    0.000000] Console: colour VGA+ 80x25
[    0.000000] console [tty1] enabled
[    0.000000] console [ttyS0] enabled
[    0.000000] allocated 1048576 bytes of page_ext
[    0.000000] tsc: Detected 2904.010 MHz processor
[    0.585716] Calibrating delay loop (skipped) preset value.. 5808.02 BogoMIPS (lpj=11616040)
[    0.593579] pid_max: default: 32768 minimum: 301
[    0.598877] ACPI: Core revision 20150930
[    0.602435] ACPI: 2 ACPI AML tables successfully acquired and loaded
[    0.608513] Security Framework initialized
[    0.611524] Yama: becoming mindful.
[    0.614117] AppArmor: AppArmor initialized
[    0.618559] Mount-cache hash table entries: 2048 (order: 1, 8192 bytes)
[    0.622952] Mountpoint-cache hash table entries: 2048 (order: 1, 8192 bytes)
[    0.633699] Initializing cgroup subsys io
[    0.636851] Initializing cgroup subsys memory
[    0.640034] Initializing cgroup subsys devices
[    0.643457] Initializing cgroup subsys freezer
[    0.646529] Initializing cgroup subsys net_cls
[    0.651488] Initializing cgroup subsys perf_event
[    0.655267] Initializing cgroup subsys net_prio
[    0.658642] Initializing cgroup subsys hugetlb
[    0.661750] Initializing cgroup subsys pids
[    0.665588] mce: CPU supports 0 MCE banks
[    0.668660] Last level iTLB entries: 4KB 64, 2MB 8, 4MB 8
[    0.672613] Last level dTLB entries: 4KB 64, 2MB 0, 4MB 0, 1GB 4
[    0.676815] Spectre V1 : Mitigation: usercopy/swapgs barriers and __user pointer sanitization
[    0.683957] Spectre V2 : Mitigation: Enhanced IBRS
[    0.687361] Spectre V2 : Spectre v2 / SpectreRSB mitigation: Filling RSB on context switch
[    0.693021] Speculative Store Bypass: Vulnerable
[    0.727774] Freeing SMP alternatives memory: 36K
[    0.782926] ftrace: allocating 31668 entries in 62 pages
[    1.187345] smpboot: APIC(0) Converting physical 0 to logical package 0
[    1.191799] smpboot: Max logical packages: 1
[    1.194903] Enabling APIC mode:  Flat.  Using 1 I/O APICs
[    1.210737] ..TIMER: vector=0x30 apic1=0 pin1=2 apic2=-1 pin2=-1
[    1.324180] smpboot: CPU0: Intel(R) Core(TM) i5-10400 CPU @ 2.90GHz (family: 0x6, model: 0xa5, stepping: 0x3)
[    1.331835] Performance Events: unsupported p6 CPU model 165 no PMU driver, software events only.
[    1.404417] KVM setup paravirtual spinlock
[    1.408874] x86: Booting SMP configuration:
[    1.412346] .... node  #0, CPUs:      #1
[1266874885.774841] Initializing CPU#1
[    1.417593] kvm-clock: cpu 1, msr 0:37bfd041, secondary cpu clock
[    1.422210] mce: CPU supports 0 MCE banks
[    1.425869] TSC synchronization [CPU#0 -> CPU#1]:
[    1.429730] Measured 48625 cycles TSC warp between CPUs, turning off TSC clock.
[    1.434548] tsc: Marking TSC unstable due to check_tsc_sync_source failed
[    0.417110] x86: Booted up 1 node, 2 CPUs
[    0.420010] smpboot: Total of 2 processors activated (11616.04 BogoMIPS)
[    0.428505] devtmpfs: initialized
[    0.432284] evm: security.selinux
[    0.435337] evm: security.SMACK64
[    0.436008] evm: security.SMACK64EXEC
[    0.440004] evm: security.SMACK64TRANSMUTE
[    0.444003] evm: security.SMACK64MMAP
[    0.446465] evm: security.ima
[    0.448008] evm: security.capability
[    0.452220] clocksource: jiffies: mask: 0xffffffff max_cycles: 0xffffffff, max_idle_ns: 7645041785100000 ns
[    0.456014] futex hash table entries: 512 (order: 3, 32768 bytes)
[    0.464112] pinctrl core: initialized pinctrl subsystem
[    0.468556] RTC time:  3:43:22, date: 09/15/22
[    0.472425] NET: Registered protocol family 16
[    0.475702] EISA bus registered
[    0.488009] cpuidle: using governor ladder
[    0.500006] cpuidle: using governor menu
[    0.503375] PCCT header not found.
[    0.504164] ACPI: bus type PCI registered
[    0.508003] acpiphp: ACPI Hot Plug PCI Controller Driver version: 0.5
[    0.512475] PCI : PCI BIOS area is rw and x. Use pci=nobios if you want it NX.
[    0.516005] PCI: PCI BIOS revision 2.10 entry at 0xfda26, last bus=0
[    0.520002] PCI: Using configuration type 1 for base access
[    0.544156] ACPI: Added _OSI(Module Device)
[    0.547179] ACPI: Added _OSI(Processor Device)
[    0.548002] ACPI: Added _OSI(3.0 _SCP Extensions)
[    0.552002] ACPI: Added _OSI(Processor Aggregator Device)
[    0.557005] ACPI: Executed 1 blocks of module-level executable AML code
[    0.566337] ACPI: Interpreter enabled
[    0.568014] ACPI: (supports S0 S5)
[    0.572002] ACPI: Using IOAPIC for interrupt routing
[    0.575495] PCI: Using host bridge windows from ACPI; if necessary, use "pci=nocrs" and report a bug
[    0.583478] ACPI: PCI Root Bridge [PCI0] (domain 0000 [bus 00-ff])
[    0.584005] acpi PNP0A03:00: _OSC: OS supports [ASPM ClockPM Segments MSI]
[    0.588495] acpi PNP0A03:00: _OSC: not requesting OS control; OS requires [ExtendedConfig ASPM ClockPM MSI]
[    0.592005] acpi PNP0A03:00: fail to add MMCONFIG information, can't access extended PCI configuration space under this bridge.
[    0.596552] PCI host bridge to bus 0000:00
[    0.600004] pci_bus 0000:00: root bus resource [io  0x0000-0x0cf7 window]
[    0.604003] pci_bus 0000:00: root bus resource [io  0x0d00-0xffff window]
[    0.608003] pci_bus 0000:00: root bus resource [mem 0x000a0000-0x000bffff window]
[    0.612004] pci_bus 0000:00: root bus resource [mem 0x40000000-0xfdffffff window]
[    0.616004] pci_bus 0000:00: root bus resource [bus 00-ff]
[    0.626952] pci 0000:00:01.1: legacy IDE quirk: reg 0x10: [io  0x01f0-0x01f7]
[    0.628003] pci 0000:00:01.1: legacy IDE quirk: reg 0x14: [io  0x03f6]
[    0.632003] pci 0000:00:01.1: legacy IDE quirk: reg 0x18: [io  0x0170-0x0177]
[    0.636004] pci 0000:00:01.1: legacy IDE quirk: reg 0x1c: [io  0x0376]
[    0.704451] pci 0000:00:07.0: quirk: [io  0x4000-0x403f] claimed by PIIX4 ACPI
[    0.716031] pci 0000:00:07.0: quirk: [io  0x4100-0x410f] claimed by PIIX4 SMB
[    0.736437] ACPI: PCI Interrupt Link [LNKA] (IRQs 5 9 10 *11)
[    0.748372] ACPI: PCI Interrupt Link [LNKB] (IRQs 5 9 *10 11)
[    0.760148] ACPI: PCI Interrupt Link [LNKC] (IRQs 5 *9 10 11)
[    0.770011] ACPI: PCI Interrupt Link [LNKD] (IRQs 5 9 10 *11)
[    0.781399] ACPI: Enabled 2 GPEs in block 00 to 07
[    0.788158] vgaarb: setting as boot device: PCI:0000:00:02.0
[    0.792000] vgaarb: device added: PCI:0000:00:02.0,decodes=io+mem,owns=io+mem,locks=none
[    0.804003] vgaarb: loaded
[    0.806214] vgaarb: bridge control possible 0000:00:02.0
[    0.812569] SCSI subsystem initialized
[    0.820002] ACPI: bus type USB registered
[    0.824023] usbcore: registered new interface driver usbfs
[    0.828010] usbcore: registered new interface driver hub
[    0.836008] usbcore: registered new device driver usb
[    0.840139] PCI: Using ACPI for IRQ routing
[    0.848285] NetLabel: Initializing
[    0.852002] NetLabel:  domain hash size = 128
[    0.856002] NetLabel:  protocols = UNLABELED CIPSOv4
[    0.860013] NetLabel:  unlabeled traffic allowed by default
[    0.864096] amd_nb: Cannot enumerate AMD northbridges
[    0.868151] clocksource: Switched to clocksource kvm-clock
[    0.893654] AppArmor: AppArmor Filesystem Enabled
[    0.897535] pnp: PnP ACPI init
[    0.901344] pnp: PnP ACPI: found 3 devices
[    0.904423] PnPBIOS: Disabled by ACPI PNP
[    0.944193] clocksource: acpi_pm: mask: 0xffffff max_cycles: 0xffffff, max_idle_ns: 2085701024 ns
[    0.950586] NET: Registered protocol family 2
[    0.954371] TCP established hash table entries: 8192 (order: 3, 32768 bytes)
[    0.959445] TCP bind hash table entries: 8192 (order: 4, 65536 bytes)
[    0.964506] TCP: Hash tables configured (established 8192 bind 8192)
[    0.971590] UDP hash table entries: 512 (order: 2, 16384 bytes)
[    0.975817] UDP-Lite hash table entries: 512 (order: 2, 16384 bytes)
[    0.980791] NET: Registered protocol family 1
[    0.983920] pci 0000:00:00.0: Limiting direct PCI/PCI transfers
[    0.988210] pci 0000:00:01.0: Activating ISA DMA hang workarounds
[    0.993110] Unpacking initramfs...
[    1.313403] Freeing initrd memory: 14488K
[    1.316982] clocksource: tsc: mask: 0xffffffffffffffff max_cycles: 0x29dc0f4e9d8, max_idle_ns: 440795260823 ns
[    1.323872] platform rtc_cmos: registered platform RTC device (no PNP device found)
[    1.329407] Scanning for low memory corruption every 60 seconds
[    1.334716] audit: initializing netlink subsys (disabled)
[    1.339191] audit: type=2000 audit(1663213407.605:1): initialized
[    1.344177] Initialise system trusted keyring
[    1.347966] HugeTLB registered 2 MB page size, pre-allocated 0 pages
[    1.353788] zbud: loaded
[    1.356510] VFS: Disk quotas dquot_6.6.0
[    1.359451] VFS: Dquot-cache hash table entries: 1024 (order 0, 4096 bytes)
[    1.364664] squashfs: version 4.0 (2009/01/31) Phillip Lougher
[    1.369649] fuse init (API version 7.23)
[    1.372777] Key type big_key registered
[    1.375592] Allocating IMA MOK and blacklist keyrings.
[    1.388542] Key type asymmetric registered
[    1.391497] Asymmetric key parser 'x509' registered
[    1.395179] bounce: pool size: 64 pages
[    1.398847] Block layer SCSI generic (bsg) driver version 0.4 loaded (major 249)
[    1.404511] io scheduler noop registered
[    1.407379] io scheduler deadline registered (default)
[    1.411134] io scheduler cfq registered
[    1.414405] pci_hotplug: PCI Hot Plug PCI Core version: 0.5
[    1.418700] pciehp: PCI Express Hot Plug Controller Driver version: 0.4
[    1.423467] ACPI: AC Adapter [AC] (on-line)
[    1.426689] input: Power Button as /devices/LNXSYSTM:00/LNXPWRBN:00/input/input0
[    1.432276] ACPI: Power Button [PWRF]
[    1.435120] input: Sleep Button as /devices/LNXSYSTM:00/LNXSLPBN:00/input/input1
[    1.440312] ACPI: Sleep Button [SLPF]
[    1.443656] GHES: HEST is not enabled!
[    1.446836] Serial: 8250/16550 driver, 32 ports, IRQ sharing enabled
[    1.446826] isapnp: Scanning for PnP cards...
[    1.481881] 00:02: ttyS0 at I/O 0x3f8 (irq = 4, base_baud = 115200) is a 16550A
[    1.489134] Linux agpgart interface v0.103
[    1.504824] loop: module loaded
[    1.508711] scsi host0: ata_piix
[    1.511288] scsi host1: ata_piix
[    1.514061] ata1: PATA max UDMA/33 cmd 0x1f0 ctl 0x3f6 bmdma 0xd000 irq 14
[    1.518783] ata2: PATA max UDMA/33 cmd 0x170 ctl 0x376 bmdma 0xd008 irq 15
[    1.523670] libphy: Fixed MDIO Bus: probed
[    1.526829] tun: Universal TUN/TAP device driver, 1.6
[    1.530502] tun: (C) 1999-2004 Max Krasnyansky <maxk@qualcomm.com>
[    1.534813] PPP generic driver version 2.4.2
[    1.538091] ehci_hcd: USB 2.0 'Enhanced' Host Controller (EHCI) Driver
[    1.542628] ehci-pci: EHCI PCI platform driver
[    1.545926] ehci-platform: EHCI generic platform driver
[    1.549879] ohci_hcd: USB 1.1 'Open' Host Controller (OHCI) Driver
[    1.554256] ohci-pci: OHCI PCI platform driver
[    1.557548] ohci-platform: OHCI generic platform driver
[    1.561328] uhci_hcd: USB Universal Host Controller Interface driver
[    1.565841] i8042: PNP: PS/2 Controller [PNP0303:PS2K,PNP0f03:PS2M] at 0x60,0x64 irq 1,12
[    1.574073] serio: i8042 KBD port at 0x60,0x64 irq 1
[    1.577673] serio: i8042 AUX port at 0x60,0x64 irq 12
[    1.581994] mousedev: PS/2 mouse device common for all mice
[    1.587015] input: AT Translated Set 2 keyboard as /devices/platform/i8042/serio0/input/input2
[    1.593899] rtc_cmos rtc_cmos: rtc core: registered rtc_cmos as rtc0
[    1.601365] rtc_cmos rtc_cmos: alarms up to one day, 114 bytes nvram
[    1.605808] i2c /dev entries driver
[    1.608640] device-mapper: uevent: version 1.0.3
[    1.611984] device-mapper: ioctl: 4.34.0-ioctl (2015-10-28) initialised: dm-devel@redhat.com
[    1.618016] platform eisa.0: Probing EISA bus 0
[    1.621365] platform eisa.0: EISA: Cannot allocate resource for mainboard
[    1.626017] platform eisa.0: Cannot allocate resource for EISA slot 1
[    1.631703] platform eisa.0: Cannot allocate resource for EISA slot 2
[    1.636419] platform eisa.0: Cannot allocate resource for EISA slot 3
[    1.640664] platform eisa.0: Cannot allocate resource for EISA slot 4
[    1.645090] platform eisa.0: Cannot allocate resource for EISA slot 5
[    1.649346] platform eisa.0: Cannot allocate resource for EISA slot 6
[    1.653600] platform eisa.0: Cannot allocate resource for EISA slot 7
[    1.657815] platform eisa.0: Cannot allocate resource for EISA slot 8
[    1.662042] platform eisa.0: EISA: Detected 0 cards
[    1.665388] cpufreq-nforce2: No nForce2 chipset.
[    1.668531] ledtrig-cpu: registered to indicate activity on CPUs
[    1.672712] NET: Registered protocol family 10
[    1.675978] NET: Registered protocol family 17
[    1.679100] Key type dns_resolver registered
[    1.682235] Using IPI No-Shortcut mode
[    1.684998] registered taskstats version 1
[    1.687759] Loading compiled-in X.509 certificates
[    1.692810] Loaded X.509 cert 'Build time autogenerated kernel key: 20ac0ed02049a72ce76c079ea50dd43d3ac5969c'
[    1.699247] zswap: loaded using pool lzo/zbud
[    1.705855] Key type trusted registered
[    1.711437] Key type encrypted registered
[    1.714322] AppArmor: AppArmor sha1 policy hashing enabled
[    1.718009] ima: No TPM chip found, activating TPM-bypass!
[    1.721687] ima: Allocated hash algorithm: sha1
[    1.724835] evm: HMAC attrs: 0x1
[    1.727580]   Magic number: 6:146:715
[    1.730634] rtc_cmos rtc_cmos: setting system clock to 2022-09-15 03:43:23 UTC (1663213403)
[    1.736460] BIOS EDD facility v0.16 2004-Jun-25, 0 devices found
[    1.740651] EDD information not available.
[    1.827914] isapnp: No Plug & Play device found
[    1.831974] Freeing unused kernel memory: 944K
[    1.844957] Write protecting the kernel text: 8156k
[    1.848495] Write protecting the kernel read-only data: 3220k
[    1.852488] NX-protecting the kernel data: 6180k
Loading, please wait...
starting version 229
[    1.877473] random: systemd-udevd: uninitialized urandom read (16 bytes read, 2 bits of entropy available)
[    1.878225] random: udevadm: uninitialized urandom read (16 bytes read, 2 bits of entropy available)
[    1.891013] random: udevadm: uninitialized urandom read (16 bytes read, 2 bits of entropy available)
[    1.891045] random: udevadm: uninitialized urandom read (16 bytes read, 2 bits of entropy available)
[    1.891185] random: udevadm: uninitialized urandom read (16 bytes read, 2 bits of entropy available)
[    1.891224] random: udevadm: uninitialized urandom read (16 bytes read, 2 bits of entropy available)
[    1.891260] random: udevadm: uninitialized urandom read (16 bytes read, 2 bits of entropy available)
[    1.891299] random: udevadm: uninitialized urandom read (16 bytes read, 2 bits of entropy available)
[    1.891360] random: udevadm: uninitialized urandom read (16 bytes read, 2 bits of entropy available)
[    1.891440] random: udevadm: uninitialized urandom read (16 bytes read, 2 bits of entropy available)
[    1.983424] Fusion MPT base driver 3.04.20
[    1.986593] Copyright (c) 1999-2008 LSI Corporation
[    2.013477] e1000: Intel(R) PRO/1000 Network Driver - version 7.3.21-k8-NAPI
[    2.018330] e1000: Copyright (c) 1999-2006 Intel Corporation.
[    2.034764] Fusion MPT SPI Host driver 3.04.20
[    2.250211] input: ImExPS/2 Generic Explorer Mouse as /devices/platform/i8042/serio1/input/input4
[    2.605529] e1000 0000:00:03.0 eth0: (PCI:33MHz:32-bit) 02:4c:f1:9f:ae:47
[    2.610882] e1000 0000:00:03.0 eth0: Intel(R) PRO/1000 Network Connection
[    2.617430] mptbase: ioc0: Initiating bringup
[    2.617989] e1000 0000:00:03.0 enp0s3: renamed from eth0
[    2.690459] ioc0: LSI53C1030 A0: Capabilities={Initiator}
[    2.863955] scsi host2: ioc0: LSI53C1030 A0, FwRev=00000000h, Ports=1, MaxQ=256, IRQ=20
[    2.981830] scsi 2:0:0:0: Direct-Access     VBOX     HARDDISK         1.0  PQ: 0 ANSI: 5
[    2.987218] scsi target2:0:0: Beginning Domain Validation
[    2.996271] scsi target2:0:0: Domain Validation skipping write tests
[    3.001002] scsi target2:0:0: Ending Domain Validation
[    3.005022] scsi target2:0:0: asynchronous
[    3.009417] scsi 2:0:1:0: Direct-Access     VBOX     HARDDISK         1.0  PQ: 0 ANSI: 5
[    3.014900] scsi target2:0:1: Beginning Domain Validation
[    3.022602] scsi target2:0:1: Domain Validation skipping write tests
[    3.027588] scsi target2:0:1: Ending Domain Validation
[    3.031343] scsi target2:0:1: asynchronous
[    3.055548] sd 2:0:0:0: [sda] 83886080 512-byte logical blocks: (42.9 GB/40.0 GiB)
[    3.061332] sd 2:0:0:0: Attached scsi generic sg0 type 0
[    3.066200] sd 2:0:0:0: [sda] Write Protect is off
[    3.069835] sd 2:0:1:0: Attached scsi generic sg1 type 0
[    3.070111] sd 2:0:0:0: [sda] Incomplete mode parameter data
[    3.070112] sd 2:0:0:0: [sda] Assuming drive cache: write through
[    3.072362]  sda: sda1
[    3.073913] sd 2:0:0:0: [sda] Attached SCSI disk
[    3.076756] sd 2:0:1:0: [sdb] 20480 512-byte logical blocks: (10.5 MB/10.0 MiB)
[    3.077253] sd 2:0:1:0: [sdb] Write Protect is off
[    3.077594] sd 2:0:1:0: [sdb] Incomplete mode parameter data
[    3.077594] sd 2:0:1:0: [sdb] Assuming drive cache: write through
[    3.082053] sd 2:0:1:0: [sdb] Attached SCSI disk
Begin: Loading essential drivers ... [    4.627773] md: linear personality registered for level -1
[    4.636285] md: multipath personality registered for level -4
[    4.644395] md: raid0 personality registered for level 0
[    4.660716] md: raid1 personality registered for level 1
[    5.024973] raid6: mmxx1    gen() 38828 MB/s
[    7.031465] raid6: mmxx2    gen() 127031 MB/s
[    9.025524] raid6: sse1x1   gen() 110377 MB/s
[   10.028057] raid6: sse1x2   gen() 118015 MB/s
[   10.098484] raid6: sse2x1   gen() 14045 MB/s
[   10.173310] raid6: sse2x1   xor()  8879 MB/s
[   10.246707] raid6: sse2x2   gen() 17211 MB/s
[   10.320954] raid6: sse2x2   xor() 11513 MB/s
[   10.395659] raid6: int32x1  gen()  2430 MB/s
[   10.470948] raid6: int32x1  xor()  1453 MB/s
[   10.546118] raid6: int32x2  gen()  2449 MB/s
[   10.620849] raid6: int32x2  xor()  1632 MB/s
[   10.695294] raid6: int32x4  gen()  2130 MB/s
[   10.770496] raid6: int32x4  xor()  1419 MB/s
[   10.845695] raid6: int32x8  gen()  2201 MB/s
[   10.920215] raid6: int32x8  xor()  1220 MB/s
[   10.923094] raid6: using algorithm mmxx2 gen() 127031 MB/s
[   10.926808] raid6: using ssse3x1 recovery algorithm
[   10.934224] xor: measuring software checksum speed
[   10.976785]    pIII_sse  : 21310.000 MB/sec
[   11.016292]    prefetch64-sse: 22357.000 MB/sec
[   11.019302] xor: using function: prefetch64-sse (22357.000 MB/sec)
[   11.026833] async_tx: api initialized (async)
[   11.066913] md: raid6 personality registered for level 6
[   11.071329] md: raid5 personality registered for level 5
[   11.074978] md: raid4 personality registered for level 4
[   11.095438] md: raid10 personality registered for level 10
done.
Begin: Running /scripts/init-premount ... done.
Begin: Mounting root file system ... Begin: Running /scripts/local-top ... done.
Begin: Running /scripts/local-premount ... [   11.164604] Btrfs loaded
Scanning for Btrfs filesystems
done.
Warning: fsck not present, so skipping root file system
[   11.211533] EXT4-fs (sda1): mounted filesystem with ordered data mode. Opts: (null)
done.
Begin: Running /scripts/local-bottom ... done.
Begin: Running /scripts/init-bottom ... done.
[   11.355258] systemd[1]: systemd 229 running in system mode. (+PAM +AUDIT +SELINUX +IMA +APPARMOR +SMACK +SYSVINIT +UTMP +LIBCRYPTSETUP +GCRYPT +GNUTLS +ACL +XZ -LZ4 +SECCOMP +BLKID +ELFUTILS +KMOD -IDN)
[   11.366722] systemd[1]: Detected virtualization oracle.
[   11.370196] systemd[1]: Detected architecture x86.

Welcome to [1mUbuntu 16.04.7 LTS[0m!

[   11.380310] systemd[1]: Set hostname to <ubuntu>.
[   11.390990] systemd[1]: Initializing machine ID from random generator.
[   11.395317] systemd[1]: Installed transient /etc/machine-id file.
[   11.583109] systemd[1]: Listening on udev Control Socket.
[[0;32m  OK  [0m] Listening on udev Control Socket.
[   11.589453] systemd[1]: Listening on LVM2 metadata daemon socket.
[[0;32m  OK  [0m] Listening on LVM2 metadata daemon socket.
[   11.596017] systemd[1]: Reached target User and Group Name Lookups.
[[0;32m  OK  [0m] Reached target User and Group Name Lookups.
[   11.603017] systemd[1]: Listening on Journal Socket.
[[0;32m  OK  [0m] Listening on Journal Socket.
[   11.608821] systemd[1]: Reached target Encrypted Volumes.
[[0;32m  OK  [0m] Reached target Encrypted Volumes.
[   11.614724] systemd[1]: Listening on LVM2 poll daemon socket.
[[0;32m  OK  [0m] Listening on LVM2 poll daemon socket.
[   11.621151] systemd[1]: Set up automount Arbitrary Executable File Formats File System Automount Point.
[[0;32m  OK  [0m] Set up automount Arbitrary Executab...ats File System Automount Point.
[   11.630579] systemd[1]: Started Trigger resolvconf update for networkd DNS.
[[0;32m  OK  [0m] Started Trigger resolvconf update for networkd DNS.
[   11.638032] systemd[1]: Listening on fsck to fsckd communication Socket.
[[0;32m  OK  [0m] Listening on fsck to fsckd communication Socket.
[   11.645084] systemd[1]: Reached target Swap.
[[0;32m  OK  [0m] Reached target Swap.
[   11.650131] systemd[1]: Started Forward Password Requests to Wall Directory Watch.
[[0;32m  OK  [0m] Started Forward Password Requests to Wall Directory Watch.
[   11.658378] systemd[1]: Reached target System Time Synchronized.
[[0;32m  OK  [0m] Reached target System Time Synchronized.
[   11.664790] systemd[1]: Listening on Journal Socket (/dev/log).
[[0;32m  OK  [0m] Listening on Journal Socket (/dev/log).
[   11.671155] systemd[1]: Listening on Device-mapper event daemon FIFOs.
[[0;32m  OK  [0m] Listening on Device-mapper event daemon FIFOs.
[   11.678448] systemd[1]: Created slice User and Session Slice.
[[0;32m  OK  [0m] Created slice User and Session Slice.
[   11.684696] systemd[1]: Listening on Syslog Socket.
[[0;32m  OK  [0m] Listening on Syslog Socket.
[   11.690473] systemd[1]: Created slice System Slice.
[[0;32m  OK  [0m] Created slice System Slice.
[   11.716215] systemd[1]: Starting Create list of required static device nodes for the current kernel...
         Starting Create list of required st... nodes for the current kernel...
[   11.726955] systemd[1]: Starting Uncomplicated firewall...
         Starting Uncomplicated firewall...
[   11.732905] systemd[1]: Reached target Slices.
[[0;32m  OK  [0m] Reached target Slices.
[   11.740394] systemd[1]: Starting Load Kernel Modules...
         Starting Load Kernel Modules...
[   11.746974] systemd[1]: Starting Nameserver information manager...
         Starting Nameserver information manager...
[   11.754527] systemd[1]: Mounting POSIX Message Queue File System...
         Mounting POSIX Message Queue File System...
[   11.762518] Loading iSCSI transport class v2.0-870.
[   11.768403] systemd[1]: Starting Set console keymap...
         Starting Set console keymap...
[   11.777693] systemd[1]: Starting File System Check on Root Device...
         Starting File System Check on Root Device...
[   11.789342] systemd[1]: Starting Monitoring of LVM2 mirrors, snapshots etc. using dmeventd or progress polling...
         Starting Monitoring of LVM2 mirrors... dmeventd or progress polling...
[   11.803294] systemd[1]: Mounting Huge Pages File System...
         Mounting Huge Pages File System...[   11.812364] iscsi: registered transport (tcp)

[   11.816646] systemd[1]: Mounting Debug File System...
         Mounting Debug File System...
[   11.827954] systemd[1]: Listening on Journal Audit Socket.
[[0;32m  OK  [0m] Listening on Journal Audit Socket.
[   11.839822] systemd[1]: Starting Journal Service...
         Starting Journal Service...
[   11.851386] systemd[1]: Listening on udev Kernel Socket.
[[0;32m  OK  [0m] Listening on udev Kernel Socket.
[   11.862191] systemd[1]: Listening on /dev/initctl Compatibility Named Pipe.
[[0;32m  OK  [0m] Listening on /dev/initctl Compatibility Named Pipe.
[   11.873275] systemd[1]: Created slice system-serial\x2dgetty.slice.
[[0;32m  OK  [0m] Created slice system-serial\x2dgetty.slice.
[   11.897172] systemd[1]: Mounted Huge Pages File System.
[[0;32m  OK  [0m] Mounted Huge Pages File System.
[   11.906421] systemd[1]: Mounted POSIX Message Queue File System.
[[0;32m  OK  [0m] Mounted POSIX Message Queue File System.
[   11.917366] systemd[1]: Mounted Debug File System.
[   11.921485] iscsi: registered transport (iser)
[[0;32m  OK  [0m] Mounted Debug File System.
[   11.927192] systemd[1]: Started Journal Service.
[[0;32m  OK  [0m] Started Journal Service.
[[0;32m  OK  [0m] Started Create list of required sta...ce nodes for the current kernel.
[[0;32m  OK  [0m] Started Uncomplicated firewall.
[[0;32m  OK  [0m] Started Load Kernel Modules.
[[0;32m  OK  [0m] Started Set console keymap.
[[0;32m  OK  [0m] Started File System Check on Root Device.
[[0;32m  OK  [0m] Started Nameserver information manager.
[[0;32m  OK  [0m] Started LVM2 metadata daemon.
[[0;32m  OK  [0m] Started File System Check Daemon to report status.
         Starting Remount Root and Kernel File Systems...
[   11.999844] EXT4-fs (sda1): re-mounted. Opts: (null)
         Starting Apply Kernel Variables...
         Mounting FUSE Control File System...
         Starting Create Static Device Nodes in /dev...
[[0;32m  OK  [0m] Mounted FUSE Control File System.
[[0;32m  OK  [0m] Started Remount Root and Kernel File Systems.
[[0;32m  OK  [0m] Started Apply Kernel Variables.
[[0;32m  OK  [0m] Started Create Static Device Nodes in /dev.
         Starting udev Kernel Device Manager...
         Starting Flush Journal to Persistent Storage...
         Starting Load/Save Random Seed...
         Starting udev Coldplug all Devices...
[[0;32m  OK  [0m] Started Load/Save Random Seed.
[[0;32m  OK  [0m] Started Flush Journal to Persistent Storage.
[[0;32m  OK  [0m] Started udev Kernel Device Manager.
[[0;32m  OK  [0m] Started Monitoring of LVM2 mirrors,...ng dmeventd or progress polling.
[[0;32m  OK  [0m] Reached target Local File Systems (Pre).
[[0;32m  OK  [0m] Reached target Local File Systems.
         Starting Commit a transient machine-id on disk...
         Starting Tell Plymouth To Write Out Runtime Data...
         Starting LSB: AppArmor initialization...
         Starting Create Volatile Files and Directories...
         Starting Set console font and keymap...
         Starting Initial cloud-init job (pre-networking)...
[[0;32m  OK  [0m] Started udev Coldplug all Devices.
[[0;32m  OK  [0m] Started Commit a transient machine-id on disk.
[[0;32m  OK  [0m] Started Tell Plymouth To Write Out Runtime Data.
[[0;32m  OK  [0m] Started Create Volatile Files and Directories.
         Starting Update UTMP about System Boot/Shutdown...
[[0;32m  OK  [0m] Started Dispatch Password Requests to Console Directory Watch.
[[0;32m  OK  [0m] Started Update UTMP about System Boot/Shutdown.
[[0;32m  OK  [0m] Found device /dev/ttyS0.
[[0;32m  OK  [0m] Listening on Load/Save RF Kill Switch Status /dev/rfkill Watch.
[[0;32m  OK  [0m] Started LSB: AppArmor initialization.
         Starting Load AppArmor profiles managed internally by snapd...
[[0;32m  OK  [0m] Started Load AppArmor profiles managed internally by snapd.
[[   13.783211] cloud-init[480]: Cloud-init v. 21.1-19-gbad84ad4-0ubuntu1~16.04.2 running 'init-local' at Thu, 15 Sep 2022 03:43:35 +0000. Up 13.48 seconds.
[0;32m  OK  [0m] Started Initial cloud-init job (pre-networking).
[[0;32m  OK  [0m] Reached target Network (Pre).
         Starting Raise network interfaces...
[[0;32m  OK  [0m] Started Set console font and keymap.
[[0;32m  OK  [0m] Created slice system-getty.slice.
[[0;32m  OK  [0m] Started Raise network interfaces.
[[0;32m  OK  [0m] Reached target Network.
         Starting Initial cloud-init job (metadata service crawler)...
[   15.253212] cloud-init[915]: Cloud-init v. 21.1-19-gbad84ad4-0ubuntu1~16.04.2 running 'init' at Thu, 15 Sep 2022 03:43:36 +0000. Up 14.68 seconds.
[   15.257690] cloud-init[915]: ci-info: ++++++++++++++++++++++++++++++++++++++Net device info++++++++++++++++++++++++++++++++++++++
[   15.261683] cloud-init[915]: ci-info: +--------+------+----------------------------+---------------+--------+-------------------+
[   15.265700] cloud-init[915]: ci-info: | Device |  Up  |          Address           |      Mask     | Scope  |     Hw-Address    |
[   15.270012] cloud-init[915]: ci-info: +--------+------+----------------------------+---------------+--------+-------------------+
[   15.274890] cloud-init[915]: ci-info: | enp0s3 | True |         10.0.2.15          | 255.255.255.0 | global | 02:4c:f1:9f:ae:47 |
[   15.278958] cloud-init[915]: ci-info: | enp0s3 | True | fe80::4c:f1ff:fe9f:ae47/64 |       .       |  link  | 02:4c:f1:9f:ae:47 |
[   15.283236] cloud-init[915]: ci-info: |   lo   | True |         127.0.0.1          |   255.0.0.0   |  host  |         .         |
[   15.287482] cloud-init[915]: ci-info: |   lo   | True |          ::1/128           |       .       |  host  |         .         |
[   15.291765] cloud-init[915]: ci-info: +--------+------+----------------------------+---------------+--------+-------------------+
[   15.296003] cloud-init[915]: ci-info: +++++++++++++++++++++++++++Route IPv4 info++++++++++++++++++++++++++++
[   15.299920] cloud-init[915]: ci-info: +-------+-------------+----------+---------------+-----------+-------+
[   15.303763] cloud-init[915]: ci-info: | Route | Destination | Gateway  |    Genmask    | Interface | Flags |
[   15.307649] cloud-init[915]: ci-info: +-------+-------------+----------+---------------+-----------+-------+
[   15.311437] cloud-init[915]: ci-info: |   0   |   0.0.0.0   | 10.0.2.2 |    0.0.0.0    |   enp0s3  |   UG  |
[   15.315257] cloud-init[915]: ci-info: |   1   |   10.0.2.0  | 0.0.0.0  | 255.255.255.0 |   enp0s3  |   U   |
[   15.319052] cloud-init[915]: ci-info: +-------+-------------+----------+---------------+-----------+-------+
[   15.323015] cloud-init[915]: ci-info: +++++++++++++++++++Route IPv6 info+++++++++++++++++++
[   15.326367] cloud-init[915]: ci-info: +-------+-------------+---------+-----------+-------+
[   15.329721] cloud-init[915]: ci-info: | Route | Destination | Gateway | Interface | Flags |
[   15.333007] cloud-init[915]: ci-info: +-------+-------------+---------+-----------+-------+
[   15.336227] cloud-init[915]: ci-info: |   0   |  fe80::/64  |    ::   |   enp0s3  |   U   |
[   15.339909] cloud-init[915]: ci-info: |   3   |   ff00::/8  |    ::   |   enp0s3  |   U   |
[   15.344684] [[0;32m  OK  [0m] Started Initial cloud-init job (metadata service crawler).
[[0;32m  OK  [0m] Reached target Network is Online.
cloud-init[915]: ci-info: +-------+-------------+---------+-----------+-------+
[   15.352284] cloud-init[915]: Generating public/private rsa key pair.
[   15.356894] cloud-init[915]: Your identification has been saved in /etc/ssh/ssh_host_rsa_key.         Starting iSCSI initiator daemon (iscsid)...
[[0;32m  OK  [0m] Reached target Cloud-config availability.
[[0;32m  OK  [0m] Reached target System Initialization.

[[0;32m  OK  [0m] Started ACPI Events Check.
[   15.367368] cloud-init[915]: Your public key has been saved in /etc/ssh/ssh_host_rsa_key.pub.
[   15.369030] cloud-init[915]: The key fingerprint is:
[   15.369340] cloud-init[915]: SHA256:8oBE15hpVaLQ4Ej7oaylXd9FYYb1AFP7bpnIxAc0fP8 root@ubuntu-xenial
[   15.369658] cloud-init[915]: The key's randomart image is:
[   15.369993] cloud-init[915]: +---[RSA 2048]----+
[   15.370275] cloud-init[915]: |  . +o.*=B@      |
[   15.370565] cloud-init[915]: | . = o*.o*.*.    |
[   15.370842] cloud-init[915]: |  o +..   +...   |
[   15.371122] cloud-init[915]: | . + o   o o  .  |
[   15.371463] cloud-init[915]: |  + + o S + o  . |
[   15.371752] cloud-init[915]: | = . . = + + o  E|
[   15.372801] cloud-init[915]: |o .   . o o =    |
[   15.373039] cloud-init[915]: |           .     |
[   15.373324] cloud-init[915]: |                 |
[   15.373622] cloud-init[915]: +----[SHA256]-----+
[   15.373921] cloud-init[915]: Generating public/private dsa key pair.
[   15.374195] cloud-init[915]: Your identification has been saved in /etc/ssh/ssh_host_dsa_key.
[   15.374493] cloud-init[915]: Your public key has been saved in /etc/ssh/ssh_host_dsa_key.pub.
[   15.374779] cloud-init[915]: The key fingerprint is:
[   15.375062] cloud-init[915]: SHA256:cDxg4xc6/8fILr+db+jNXtODPrnCh3WKx6P/yQmlOKU root@ubuntu-xenial
[   15.375949] cloud-init[915]: The key's randomart image is:
[   15.376585] cloud-init[915]: +---[DSA 1024]----+
[   15.376859] cloud-init[915]: |      + .        |
[   15.377141] cloud-init[915]: |     o = .       |
[   15.377451] cloud-init[915]: |      = =        |
[   15.377743] cloud-init[915]: |       * .       |
[   15.378023] cloud-init[915]: |        S    . . |
[   15.378308] cloud-init[915]: |         o o+.+..|
[   15.378585] cloud-init[915]: |          =EB=+oo|
[   15.378867] cloud-init[915]: |        .. B+%+.=|
[   15.379148] cloud-init[915]: |         o++XBX= |
[   15.379437] cloud-init[915]: +----[SHA256]-----+
[   15.379718] cloud-init[915]: Generating public/private ecdsa key pair.
[   15.379995] cloud-init[915]: Your identification has been saved in /etc/ssh/ssh_host_ecdsa_key.
[   15.380614] cloud-init[915]: Your public key has been saved in /etc/ssh/ssh_host_ecdsa_key.pub.
[   15.380890] cloud-init[915]: The key fingerprint is:
[   15.381175] cloud-init[915]: SHA256:2XCaDunaT6X2ef23tLCyCtqq2etFYuZ1Qey+umIqaTY root@ubuntu-xenial
[   15.381462] cloud-init[915]: The key's randomart image is:
[   15.381741] cloud-init[915]: +---[ECDSA 256]---+
[   15.382021] cloud-init[915]: |        ..       |
[   15.382305] cloud-init[915]: |        ..       |
[   15.382588] cloud-init[915]: |        o..      |
[   15.382869] cloud-init[915]: |       . O.      |
[   15.383180] cloud-init[915]: |     +ooS.o      |
[   15.383436] cloud-init[915]: |    +.+o.+       |
[   15.383711] cloud-init[915]: |  .  ..o= .  o . |
[   15.383991] cloud-init[915]: | E  o=+o.o o. = o|
[   15.384618] cloud-init[915]: |o o+**==+.+oo. ++|
[   15.384894] cloud-init[915]: +----[SHA256]-----+
[   15.385177] cloud-init[915]: Generating public/private ed25519 key pair.
[   15.385456] cloud-init[915]: Your identification has been saved in /etc/ssh/ssh_host_ed25519_key.
[   15.385765] cloud-init[915]: Your public key has been saved in /etc/ssh/ssh_host_ed25519_key.pub.
[   15.386025] cloud-init[915]: The key fingerprint is:
[   15.386305] cloud-init[915]: SHA256:yiDWh/OqxacpQv6hCd064ZOfkd0N9pyhgr4O6t42Pwc root@ubuntu-xenial
[   15.386587] cloud-init[915]: The key's randomart image is:
[   15.386888] cloud-init[915]: +--[ED25519 256]--+
[   15.387163] cloud-init[915]: |                 |
[   15.387443] cloud-init[915]: |                 |
[   15.387723] cloud-init[915]: |                 |
[   15.388050] cloud-init[915]: |   . .           |
[   15.388650] cloud-init[915]: |  o = . S .      |
[   15.388979] cloud-init[915]: | +.+ E + * o     |
[   15.389261] cloud-init[915]: |+.o+B O o =      |
[   15.389572] cloud-init[915]: |ooXB.O o         |
[   15.390011] cloud-init[915]: |+*=X%oo          |
[   15.390145] cloud-init[915]: +----[SHA256]-----+
[[0;32m  OK  [0m] Reached target Paths.
[[0;32m  OK  [0m] Started Daily Cleanup of Temporary Directories.
         Starting Socket activation for snappy daemon.
[[0;32m  OK  [0m] Started Ubuntu Advantage update messaging.
         Starting LXD - unix socket.
[[0;32m  OK  [0m] Listening on UUID daemon activation socket.
[[0;32m  OK  [0m] Listening on D-Bus System Message Bus Socket.
[[0;32m  OK  [0m] Started Daily apt download activities.
[[0;32m  OK  [0m] Started Daily apt upgrade and clean activities.
[[0;32m  OK  [0m] Started Message of the Day.
[[0;32m  OK  [0m] Reached target Timers.
[[0;32m  OK  [0m] Listening on ACPID Listen Socket.
[[0;32m  OK  [0m] Listening on Socket activation for snappy daemon.
[[0;32m  OK  [0m] Listening on LXD - unix socket.
[[0;32m  OK  [0m] Started iSCSI initiator daemon (iscsid).
         Starting Login to default iSCSI targets...
[[0;32m  OK  [0m] Reached target Sockets.
[[0;32m  OK  [0m] Reached target Basic System.
[[0;32m  OK  [0m] Started ACPI event daemon.
         Starting LSB: Record successful boot for GRUB...
[[0;32m  OK  [0m] Started Deferred execution scheduler.
         Starting Accounts Service...
         Starting Login Service...
         Starting LXD - container startup/shutdown...
         Starting Pollinate to seed the pseudo random number generator...
         Starting /etc/rc.local Compatibility...
         Starting System Logging Service...
         Starting Virtualbox guest utils...
[[0;32m  OK  [0m] Started Regular background program processing daemon.
         Starting Snap Daemon...
         Starting LSB: MD monitoring daemon...
[[0;32m  OK  [0m] Started FUSE filesystem for LXC.
[[0;32m  OK  [0m] Started D-Bus System Message Bus.
[[0;32m  OK  [0m] Started System Logging Service.
[[0;32m  OK  [0m] Started /etc/rc.local Compatibility.
[[0;32m  OK  [0m] Started LXD - container startup/shutdown.
[[0;32m  OK  [0m] Started Login Service.
[[0;32m  OK  [0m] Started Unattended Upgrades Shutdown.
         Starting Authenticate and Authorize Users to Run Privileged Tasks...
[[0;32m  OK  [0m] Started LSB: Record successful boot for GRUB.
[[0;32m  OK  [0m] Started LSB: MD monitoring daemon.
[[0;32m  OK  [0m] Started Login to default iSCSI targets.
[[0;32m  OK  [0m] Reached target Remote File Systems (Pre).
[[0;32m  OK  [0m] Reached target Remote File Systems.
         Starting Permit User Sessions...
         Starting LSB: Set the CPU Frequency Scaling governor to "ondemand"...
         Starting LSB: automatic crash report generation...
         Starting LSB: daemon to balance interrupts for SMP systems...
[[0;32m  OK  [0m] Started Permit User Sessions.
[[0;32m  OK  [0m] Started Authenticate and Authorize Users to Run Privileged Tasks.
[[0;32m  OK  [0m] Started Accounts Service.
         Starting Terminate Plymouth Boot Screen...
         Starting Hold until boot process finishes up...
[[0;32m  OK  [0m] Started Terminate Plymouth Boot Screen.
[[0;32m  OK  [0m] Started LSB: Set the CPU Frequency Scaling governor to "ondemand".
[[0;32m  OK  [0m] Started Hold until boot process finishes up.
         Starting Set console scheme...
[[0;32m  OK  [0m] Started Serial Getty on ttyS0.
[[0;32m  OK  [0m] Started Getty on tty1.
[[0;32m  OK  [0m] Reached target Login Prompts.
[[0;32m  OK  [0m] Started Virtualbox guest utils.
[[0;32m  OK  [0m] Started LSB: automatic crash report generation.
[[0;32m  OK  [0m] Started LSB: daemon to balance interrupts for SMP systems.
[[0;32m  OK  [0m] Started Set console scheme.
[[0;32m  OK  [0m] Started Snap Daemon.
         Starting Wait until snapd is fully seeded...
[[0;32m  OK  [0m] Started Pollinate to seed the pseudo random number generator.
         Starting OpenBSD Secure Shell server...
[[0;32m  OK  [0m] Started OpenBSD Secure Shell server.
[[0;32m  OK  [0m] Created slice User Slice of vagrant.
         Starting User Manager for UID 1000...
[[0;32m  OK  [0m] Started Session 1 of user vagrant.
[[0;32m  OK  [0m] Started User Manager for UID 1000.
[[0;32m  OK  [0m] Started Wait until snapd is fully seeded.
         Starting Apply the settings specified in cloud-config...
[[0;32m  OK  [0m] Reached target Multi-User System.
[[0;32m  OK  [0m] Reached target Graphical Interface.
         Starting Update UTMP about System Runlevel Changes...
[[0;32m  OK  [0m] Started Update UTMP about System Runlevel Changes.
[   19.703225] cloud-init[1451]: Generating locales (this might take a while)...
         Stopping User Manager for UID 1000...
[[0;32m  OK  [0m] Stopped User Manager for UID 1000.
[[0;32m  OK  [0m] Removed slice User Slice of vagrant.
[   20.459729] cloud-init[1451]:   en_US.UTF-8... done
[   20.470049] cloud-init[1451]: Generation complete.
[[0;32m  OK  [0m] Created slice User Slice of vagrant.
         Starting User Manager for UID 1000...
[[0;32m  OK  [0m] Started Session 2 of user vagrant.
[[0;32m  OK  [0m] Started User Manager for UID 1000.
[   20.757718] cloud-init[1451]: Cloud-init v. 21.1-19-gbad84ad4-0ubuntu1~16.04.2 running 'modules:config' at Thu, 15 Sep 2022 03:43:41 +0000. Up 19.60 seconds.
[[0;32m  OK  [0m] Started Apply the settings specified in cloud-config.
         Starting Execute cloud user/final scripts...
ci-info: no authorized SSH keys fingerprints found for user ubuntu.
<14>Sep 15 03:43:42 ec2: 
<14>Sep 15 03:43:42 ec2: #############################################################
<14>Sep 15 03:43:42 ec2: -----BEGIN SSH HOST KEY FINGERPRINTS-----
<14>Sep 15 03:43:42 ec2: 1024 SHA256:cDxg4xc6/8fILr+db+jNXtODPrnCh3WKx6P/yQmlOKU root@ubuntu-xenial (DSA)
<14>Sep 15 03:43:42 ec2: 256 SHA256:2XCaDunaT6X2ef23tLCyCtqq2etFYuZ1Qey+umIqaTY root@ubuntu-xenial (ECDSA)
<14>Sep 15 03:43:42 ec2: 256 SHA256:yiDWh/OqxacpQv6hCd064ZOfkd0N9pyhgr4O6t42Pwc root@ubuntu-xenial (ED25519)
<14>Sep 15 03:43:42 ec2: 2048 SHA256:8oBE15hpVaLQ4Ej7oaylXd9FYYb1AFP7bpnIxAc0fP8 root@ubuntu-xenial (RSA)
<14>Sep 15 03:43:42 ec2: -----END SSH HOST KEY FINGERPRINTS-----
<14>Sep 15 03:43:42 ec2: #############################################################
-----BEGIN SSH HOST KEY KEYS-----
ecdsa-sha2-nistp256 AAAAE2VjZHNhLXNoYTItbmlzdHAyNTYAAAAIbmlzdHAyNTYAAABBBKe0+hTRGMYkT53YJ53OGe1LguujWYJ5uNsvFu9+Q7MR6D8qyOB62zOehJIxIjp2V8Zh95C32QT3KqjUY+KcXVc= root@ubuntu-xenial
ssh-ed25519 AAAAC3NzaC1lZDI1NTE5AAAAIFHWYJEhqrLDDJ848w9n/Ji59+wXT97p0bHfB6UHOlwN root@ubuntu-xenial
ssh-rsa AAAAB3NzaC1yc2EAAAADAQABAAABAQCe6cb+48n34lUG3ElAiPxOOj3TnH5PnKIPGCq/ZP1QF9QkwqZmJiD8EcuLRoH+YfEYdhzrQDYkAQJQrrFe5gd/XmLkBiaw06z05hw//vZuasutg43LrjDrUzXzCVJxfjiZRS3EVorpVxO8huj6KwJWBQ2iDzd2wWNHTMl2e1F7i5y7JScU/d2ipaNlwxl1n83RpcrcL+1cF9WYpT/JGBawLoCOmDw5+BrmV2Xpr4Eeerx7d5ZVMLZjER4bNgyoK8TK/HF9BMfZBYTPzolFxV11kzdm3L3mWnaN1MI5JCRkt4OIpNK6PpfjyPvtJFdrOapbFQ6qOuHRSmlWJuupFsKB root@ubuntu-xenial
-----END SSH HOST KEY KEYS-----
[   21.206022] cloud-init[1589]: Cloud-init v. 21.1-19-gbad84ad4-0ubuntu1~16.04.2 running 'modules:final' at Thu, 15 Sep 2022 03:43:42 +0000. Up 21.02 seconds.
[   21.220118] cloud-init[1589]: ci-info: no authorized SSH keys fingerprints found for user ubuntu.
[   21.239236] cloud-init[1589]: Cloud-init v. 21.1-19-gbad84ad4-0ubuntu1~16.04.2 finished at Thu, 15 Sep 2022 03:43:42 +0000. Datasource DataSourceNoCloud [seed=/dev/sdb][dsmode=net].  Up 21.17 seconds

Ubuntu 16.04.7 LTS ubuntu-xenial ttyS0

ubuntu-xenial login: 